<?xml version="1.0" encoding="UTF-8"?>
<!-- Generated by org.testng.reporters.JUnitReportReporter -->
<testsuite hostname="Anudeeps-MacBook-Air.local" failures="0" tests="1" name="testCases.TC_001_AccountRegistrationTest" time="2.135" errors="0" timestamp="2024-06-12T10:49:03 BST" skipped="0">
  <testcase classname="testCases.TC_001_AccountRegistrationTest" name="verify_account_registration" time="2.135"/>
</testsuite> <!-- testCases.TC_001_AccountRegistrationTest -->
