<?xml version="1.0" encoding="UTF-8"?>
<!-- Generated by org.testng.reporters.JUnitReportReporter -->
<testsuite hostname="Anudeeps-MacBook-Air.local" failures="0" tests="1" name="testCases.TC_002_LoginTest" time="1.624" errors="0" timestamp="2024-06-12T10:49:03 BST" skipped="0">
  <testcase classname="testCases.TC_002_LoginTest" name="verify_login" time="1.624"/>
</testsuite> <!-- testCases.TC_002_LoginTest -->
